Arguments: 
  /data/data/com.termux/files/usr/bin/node /data/data/com.termux/files/usr/share/yarn/bin/yarn.js add @hapi/boom

PATH: 
  /data/data/com.termux/files/usr/bin

Yarn version: 
  1.22.17

Node version: 
  17.4.0

Platform: 
  android arm64

Trace: 
  Error: ENOTDIR: not a directory, scandir '/storage/emulated/0/bots/b/node_modules/@jimp.zip'

npm manifest: 
  {
    "name": "business",
    "version": "1.0.0",
    "description": "",
    "main": "index.js",
    "directories": {
      "doc": "docs"
    },
    "dependencies": {
      "acorn": "^8.3.0",
      "align-text": "^0.1.4",
      "any": "^1.0.0",
      "arr-diff": "^1.1.0",
      "arr-map": "^2.0.2",
      "arr-flatten": "^1.1.0",
      "arr-union": "^3.1.0",
      "ajax-request": "^1.2.3",
      "array-each": "^0.1.1",
      "array-unique": "^0.2.1",
      "array-slice": "^0.2.3",
      "awesome-phonenumber": "^2.49.0",
      "base64-img": "^1.0.4",
      "buffer-alloc": "^1.2.0",
      "buffer-alloc-unsafe": "^1.1.0",
      "buffer-fill": "^1.0.0",
      "buffer-from": "^1.1.1",
      "center-align": "^0.1.3"
    },
    "devDependencies": {},
    "scripts": {
      "test": "echo \"Error: no test specified\" && exit 1"
    },
    "keywords": [],
    "author": "",
    "license": "ISC"
  }

yarn manifest: 
  No manifest

Lockfile: 
  No lockfile
